/*C2*/SET SCHEMA PUBLIC
CONNECT USER SA
SET AUTOCOMMIT FALSE
DELETE FROM ROBA WHERE ID='XR00000006' AND GRUPA=1 AND ELEMENTI='' AND OPERACIJE='' AND OPER_ATRIB='' AND NAZ='float clear 6 mm'
INSERT INTO ROBA VALUES('XR00000006',1,'','','','staklo float clear 6 mm')
SET AUTOCOMMIT TRUE
SET AUTOCOMMIT FALSE
DELETE FROM ROBA WHERE ID='XR00000007' AND GRUPA=1 AND ELEMENTI='' AND OPERACIJE='' AND OPER_ATRIB='' AND NAZ='float clear 8 mm'
INSERT INTO ROBA VALUES('XR00000007',1,'','','','staklo float clear 8 mm')
SET AUTOCOMMIT TRUE
SET AUTOCOMMIT FALSE
DELETE FROM ROBA WHERE ID='XR00000004' AND GRUPA=1 AND ELEMENTI='' AND OPERACIJE='2' AND OPER_ATRIB='' AND NAZ='staklo float clear 4mm bruseno'
INSERT INTO ROBA VALUES('XR00000004',1,'','2','','staklo float clear 4 mm bruseno')
SET AUTOCOMMIT TRUE
INSERT INTO ROBA VALUES('XR00000008',1,'','1','','staklo Lamistal 6 mm kaljeno')
INSERT INTO ROBA VALUES('XR00000009',1,'','2','','staklo Lamistal 8mm bruseno')
SET AUTOCOMMIT FALSE
DELETE FROM ROBA WHERE ID='XR00000001' AND GRUPA=1 AND ELEMENTI='' AND OPERACIJE='1' AND OPER_ATRIB='' AND NAZ='staklo Low-E 6mm'
INSERT INTO ROBA VALUES('XR00000001',1,'','1','','staklo Low-E 6 mm kaljeno')
SET AUTOCOMMIT TRUE
SET AUTOCOMMIT FALSE
DELETE FROM ROBA WHERE ID='XR00000002' AND GRUPA=1 AND ELEMENTI='' AND OPERACIJE='1,2' AND OPER_ATRIB='' AND NAZ='staklo Low-E 6mm kaljeno, bruseno'
INSERT INTO ROBA VALUES('2',1,'','1,2','','staklo Low-E 6mm kaljeno, bruseno')
SET AUTOCOMMIT TRUE
SET AUTOCOMMIT FALSE
DELETE FROM ROBA WHERE ID='XR00000003' AND GRUPA=1 AND ELEMENTI='' AND OPERACIJE='1' AND OPER_ATRIB='2' AND NAZ='staklo Low-E 6mm kaljena prednja strana'
INSERT INTO ROBA VALUES('3',1,'','1','2','staklo Low-E 6mm kaljena prednja strana')
SET AUTOCOMMIT TRUE
SET AUTOCOMMIT FALSE
DELETE FROM ROBA WHERE ID='XR00000005' AND GRUPA=2 AND ELEMENTI='' AND OPERACIJE='' AND OPER_ATRIB='' AND NAZ='distancer 12 mm aluminijski'
INSERT INTO ROBA VALUES('5',2,'','','','distancer 12 mm aluminijski')
SET AUTOCOMMIT TRUE
SET AUTOCOMMIT FALSE
DELETE FROM ROBA WHERE ID='XR00000006' AND GRUPA=1 AND ELEMENTI='' AND OPERACIJE='' AND OPER_ATRIB='' AND NAZ='staklo float clear 6 mm'
INSERT INTO ROBA VALUES('6',1,'','','','staklo float clear 6 mm')
SET AUTOCOMMIT TRUE
SET AUTOCOMMIT FALSE
DELETE FROM ROBA WHERE ID='XR00000007' AND GRUPA=1 AND ELEMENTI='' AND OPERACIJE='' AND OPER_ATRIB='' AND NAZ='staklo float clear 8 mm'
INSERT INTO ROBA VALUES('7',1,'','','','staklo float clear 8 mm')
SET AUTOCOMMIT TRUE
SET AUTOCOMMIT FALSE
DELETE FROM ROBA WHERE ID='XR00000004' AND GRUPA=1 AND ELEMENTI='' AND OPERACIJE='2' AND OPER_ATRIB='' AND NAZ='staklo float clear 4 mm bruseno'
INSERT INTO ROBA VALUES('4',1,'','2','','staklo float clear 4 mm bruseno')
SET AUTOCOMMIT TRUE
SET AUTOCOMMIT FALSE
DELETE FROM ROBA WHERE ID='XR00000008' AND GRUPA=1 AND ELEMENTI='' AND OPERACIJE='1' AND OPER_ATRIB='' AND NAZ='staklo Lamistal 6 mm kaljeno'
INSERT INTO ROBA VALUES('8',1,'','1','','staklo Lamistal 6 mm kaljeno')
SET AUTOCOMMIT TRUE
SET AUTOCOMMIT FALSE
DELETE FROM ROBA WHERE ID='XR00000009' AND GRUPA=1 AND ELEMENTI='' AND OPERACIJE='2' AND OPER_ATRIB='' AND NAZ='staklo Lamistal 8mm bruseno'
INSERT INTO ROBA VALUES('9',1,'','2','','staklo Lamistal 8mm bruseno')
SET AUTOCOMMIT TRUE
SET AUTOCOMMIT FALSE
DELETE FROM ROBA WHERE ID='XR00000001' AND GRUPA=1 AND ELEMENTI='' AND OPERACIJE='1' AND OPER_ATRIB='' AND NAZ='staklo Low-E 6 mm kaljeno'
INSERT INTO ROBA VALUES('1',1,'','1','','staklo Low-E 6 mm kaljeno')
SET AUTOCOMMIT TRUE
INSERT INTO ROBA VALUES('10',1,'1,5,1','','','staklo Low-E 6 mm kaljeno x distancer 12 mm aluminijski x staklo Low-E 6 mm kaljeno')
INSERT INTO ROBA VALUES('11',2,'','','','distancer 8 mm aluminijski')
INSERT INTO ROBA VALUES('12',2,'','','','distancer 10 mm aluminijski')
INSERT INTO ROBA VALUES('13',1,'6,12,2','','','staklo float clear 6 mm x distancer 10 mm aluminijski x staklo Low-E 6 mm kaljeno, bruseno')
INSERT INTO OPERACIJE VALUES(5,'busenje')
INSERT INTO OPER_ATRIBUTI VALUES(5,5,'busenje rupa za bravu')
INSERT INTO OPER_ATRIBUTI VALUES(6,5,'busenje rupa za baglame')
INSERT INTO OPER_ATRIBUTI VALUES(7,5,'busenje rupa za nosace')
INSERT INTO ROBA VALUES('14',1,'6','5','5','staklo float clear 6 mm, busenje rupa za bravu')
INSERT INTO ROBA VALUES('15',1,'6,11,13','','','staklo float clear 6 mm x distancer 8 mm x staklo float clear 6 mm x distancer 10 mm aluminijski x staklo Low-E 6 mm kaljeno, bruseno')
